DEBUG get_query: SELECT value FROM swat_s1 WHERE name = ? AND pid = ?
DEBUG set_query: UPDATE swat_s1 SET value = ? WHERE name = ? AND pid = ?
DEBUG: rwt has no networking capabilities.
DEBUG new_level: 0.80944 	 delta: 0.00944
DEBUG: MV101=1, P101=0, LIT101=0.8094444444444445, LIT301=1.59546296296296, FIT101=2.55, FIT201=0.0
DEBUG new_level: 0.81889 	 delta: 0.00944
DEBUG: MV101=1, P101=0, LIT101=0.818888888888889, LIT301=1.59092592592592, FIT101=2.55, FIT201=0.0
DEBUG new_level: 0.81889 	 delta: 0.00000
DEBUG: MV101=0, P101=0, LIT101=0.818888888888889, LIT301=1.58638888888888, FIT101=0.0, FIT201=0.0
DEBUG new_level: 0.81889 	 delta: 0.00000
DEBUG: MV101=0, P101=0, LIT101=0.818888888888889, LIT301=1.58185185185184, FIT101=0.0, FIT201=0.0
DEBUG new_level: 0.81889 	 delta: 0.00000
DEBUG: MV101=0, P101=0, LIT101=0.818888888888889, LIT301=1.5773148148148, FIT101=0.0, FIT201=0.0
DEBUG new_level: 0.81889 	 delta: 0.00000
DEBUG: MV101=0, P101=0, LIT101=0.818888888888889, LIT301=1.57277777777776, FIT101=0.0, FIT201=0.0
DEBUG new_level: 0.81889 	 delta: 0.00000
DEBUG: MV101=0, P101=0, LIT101=0.818888888888889, LIT301=1.56824074074072, FIT101=0.0, FIT201=0.0
DEBUG new_level: 0.81889 	 delta: 0.00000
DEBUG: MV101=0, P101=0, LIT101=0.818888888888889, LIT301=1.56370370370368, FIT101=0.0, FIT201=0.0
DEBUG new_level: 0.81889 	 delta: 0.00000
DEBUG: MV101=0, P101=0, LIT101=0.818888888888889, LIT301=1.55916666666664, FIT101=0.0, FIT201=0.0
DEBUG new_level: 0.81889 	 delta: 0.00000
DEBUG: MV101=0, P101=0, LIT101=0.818888888888889, LIT301=1.5546296296296, FIT101=0.0, FIT201=0.0
DEBUG new_level: 0.81889 	 delta: 0.00000
DEBUG: MV101=0, P101=0, LIT101=0.818888888888889, LIT301=1.55009259259256, FIT101=0.0, FIT201=0.0
DEBUG new_level: 0.81889 	 delta: 0.00000
DEBUG: MV101=0, P101=0, LIT101=0.818888888888889, LIT301=1.54555555555552, FIT101=0.0, FIT201=0.0
DEBUG new_level: 0.81889 	 delta: 0.00000
DEBUG: MV101=0, P101=0, LIT101=0.818888888888889, LIT301=1.54101851851848, FIT101=0.0, FIT201=0.0
DEBUG new_level: 0.81889 	 delta: 0.00000
DEBUG: MV101=0, P101=0, LIT101=0.818888888888889, LIT301=1.53648148148144, FIT101=0.0, FIT201=0.0
